<?xml version="1.0" encoding="UTF-8"?>
<!-- Generated by org.testng.reporters.JUnitXMLReporter -->
<testsuite hostname="DESKTOP-RQ0I3KE" ignored="1" name="Default test" tests="1" failures="0" timestamp="09 Apr 2019 15:52:53 GMT" time="11.532" errors="0">
  <testcase name="accessTestSite" time="7.297" classname="Tests.LoginPageTest"/>
  <testcase name="verifyPageTitle" time="0.0" classname="Tests.LoginPageTest">
    <ignored/>
  </testcase> <!-- verifyPageTitle -->
</testsuite> <!-- Default test -->
